[01:12:57] [main/INFO]: Environment: authHost='https://authserver.mojang.com', accountsHost='https://api.mojang.com', sessionHost='https://sessionserver.mojang.com', servicesHost='https://api.minecraftservices.com', name='PROD'
[01:12:57] [main/INFO]: Reloading ResourceManager: Default, bukkit
[01:12:57] [Worker-Main-5/INFO]: Loaded 7 recipes
[01:12:58] [Server thread/INFO]: Starting minecraft server version 1.16.5
[01:12:58] [Server thread/INFO]: Loading properties
[01:12:58] [Server thread/INFO]: This server is running Paper version git-Paper-437 (MC: 1.16.5) (Implementing API version 1.16.5-R0.1-SNAPSHOT)
[01:12:58] [Server thread/INFO]: Using 4 threads for Netty based IO
[01:12:58] [Server thread/INFO]: Server Ping Player Sample Count: 12
[01:12:58] [Server thread/INFO]: Debug logging is disabled
[01:12:58] [Server thread/INFO]: Default game type: CREATIVE
[01:12:58] [Server thread/INFO]: Generating keypair
[01:12:58] [Server thread/INFO]: Starting Minecraft server on *:25565
[01:12:58] [Server thread/INFO]: Using default channel type
[01:12:59] [Server thread/INFO]: [WorldEdit] Loading WorldEdit v7.2.2+fc3c499
[01:13:00] [Server thread/INFO]: Got request to register class com.sk89q.worldedit.bukkit.BukkitServerInterface with WorldEdit [com.sk89q.worldedit.extension.platform.PlatformManager@701eb833]
[01:13:00] [Server thread/INFO]: [CustomStructures] Loading CustomStructures v1.5.6.1
[01:13:00] [Server thread/INFO]: Server permissions file permissions.yml is empty, ignoring it
[01:13:00] [Server thread/INFO]: [WorldEdit] Enabling WorldEdit v7.2.2+fc3c499
[01:13:00] [Server thread/INFO]: WEPIF: Using the Bukkit Permissions API.
[01:13:00] [Server thread/INFO]: Using com.sk89q.worldedit.bukkit.adapter.impl.Spigot_v1_16_R3 as the Bukkit adapter
[01:13:00] [Server thread/INFO]: Preparing level "world"
[01:13:01] [Server thread/INFO]: Registering commands with com.sk89q.worldedit.bukkit.BukkitServerInterface
[01:13:01] [Server thread/INFO]: Preparing start region for dimension minecraft:overworld
[01:13:01] [Server thread/INFO]: Loaded 0 spawn chunks for world world
[01:13:01] [Server thread/INFO]: Preparing spawn area: 0%
[01:13:01] [Server thread/INFO]: Time elapsed: 227 ms
[01:13:01] [Server thread/INFO]: Preparing start region for dimension minecraft:the_nether
[01:13:01] [Server thread/INFO]: Loaded 0 spawn chunks for world world_nether
[01:13:01] [Server thread/INFO]: Time elapsed: 267 ms
[01:13:01] [Server thread/INFO]: Preparing start region for dimension minecraft:the_end
[01:13:01] [Server thread/INFO]: Loaded 0 spawn chunks for world world_the_end
[01:13:01] [Server thread/INFO]: Time elapsed: 69 ms
[01:13:01] [Server thread/INFO]: [CustomStructures] Enabling CustomStructures v1.5.6.1
[01:13:01] [Server thread/INFO]: [CustomStructures] Loading structures from files.
[01:13:01] [Server thread/INFO]: [CustomStructures] The plugin has been enabled with 1 structures.
[01:13:01] [Server thread/INFO]: [CustomStructures] Bstat metrics for this plugin is enabled. Disable it in the config if you do not want it on.
[01:13:02] [Server thread/INFO]: Running delayed init tasks
[01:13:02] [Server thread/INFO]: Done (3.656s)! For help, type "help"
[01:13:02] [Server thread/WARN]: [io.papermc.paper.util.PaperJvmChecker] ************************************************************
[01:13:02] [Server thread/WARN]: [io.papermc.paper.util.PaperJvmChecker] * WARNING - YOU ARE RUNNING AN OUTDATED VERSION OF JAVA.
[01:13:02] [Server thread/WARN]: [io.papermc.paper.util.PaperJvmChecker] * PAPER WILL STOP BEING COMPATIBLE WITH THIS VERSION OF
[01:13:02] [Server thread/WARN]: [io.papermc.paper.util.PaperJvmChecker] * JAVA WHEN MINECRAFT 1.17 IS RELEASED.
[01:13:02] [Server thread/WARN]: [io.papermc.paper.util.PaperJvmChecker] *
[01:13:02] [Server thread/WARN]: [io.papermc.paper.util.PaperJvmChecker] * Please update the version of Java you use to run Paper
[01:13:02] [Server thread/WARN]: [io.papermc.paper.util.PaperJvmChecker] * to at least Java 11. When Paper for Minecraft 1.17 is
[01:13:02] [Server thread/WARN]: [io.papermc.paper.util.PaperJvmChecker] * released support for versions of Java before 11 will
[01:13:02] [Server thread/WARN]: [io.papermc.paper.util.PaperJvmChecker] * be dropped.
[01:13:02] [Server thread/WARN]: [io.papermc.paper.util.PaperJvmChecker] *
[01:13:02] [Server thread/WARN]: [io.papermc.paper.util.PaperJvmChecker] * Current Java version: 1.8.0_271
[01:13:02] [Server thread/WARN]: [io.papermc.paper.util.PaperJvmChecker] *
[01:13:02] [Server thread/WARN]: [io.papermc.paper.util.PaperJvmChecker] * Check this forum post for more information: 
[01:13:02] [Server thread/WARN]: [io.papermc.paper.util.PaperJvmChecker] *   https://papermc.io/java11
[01:13:02] [Server thread/WARN]: [io.papermc.paper.util.PaperJvmChecker] ************************************************************
[01:13:02] [Server thread/INFO]: Timings Reset
[01:13:02] [Server thread/INFO]: Gamerule randomTickSpeed is now set to: 3
[01:13:10] [Server thread/INFO]: Stopping the server
[01:13:10] [Server thread/INFO]: Stopping server
[01:13:10] [Server thread/INFO]: [CustomStructures] Disabling CustomStructures v1.5.6.1
[01:13:10] [Server thread/INFO]: [WorldEdit] Disabling WorldEdit v7.2.2+fc3c499
[01:13:10] [Server thread/INFO]: Unregistering com.sk89q.worldedit.bukkit.BukkitServerInterface from WorldEdit
[01:13:10] [Server thread/INFO]: Saving players
[01:13:10] [Server thread/INFO]: Saving worlds
[01:13:10] [Server thread/INFO]: Saving chunks for level 'ServerLevel[world]'/minecraft:overworld
[01:13:10] [Server thread/INFO]: ThreadedAnvilChunkStorage (world): All chunks are saved
[01:13:10] [Server thread/INFO]: Saving chunks for level 'ServerLevel[world_nether]'/minecraft:the_nether
[01:13:11] [Server thread/INFO]: ThreadedAnvilChunkStorage (DIM-1): All chunks are saved
[01:13:11] [Server thread/INFO]: Saving chunks for level 'ServerLevel[world_the_end]'/minecraft:the_end
[01:13:11] [Server thread/INFO]: ThreadedAnvilChunkStorage (DIM1): All chunks are saved
[01:13:11] [Server thread/INFO]: ThreadedAnvilChunkStorage (world): All chunks are saved
[01:13:11] [Server thread/INFO]: ThreadedAnvilChunkStorage (DIM-1): All chunks are saved
[01:13:11] [Server thread/INFO]: ThreadedAnvilChunkStorage (DIM1): All chunks are saved
[01:13:11] [Server thread/INFO]: Flushing Chunk IO
[01:13:11] [Server thread/INFO]: Closing Thread Pool
[01:13:11] [Server thread/INFO]: Closing Server
